<?xml version="1.0" encoding="UTF-8"?>
<testsuites>
  <testsuite id="0" name="E:\rx-samsara\__tests__\attract.js" errors="0" package="E:\rx-samsara\__tests__\attract.js" hostname="localhost" tests="2" failures="0" time="1.515" timestamp="2018-09-13T09:45:45">
    <properties>
    </properties>
    <testcase classname="测试 attract() 有传defaultValue" name="测试 attract() 有传defaultValue" time="0">
    </testcase>
    <testcase classname="测试 attract() 省略defaultValue" name="测试 attract() 省略defaultValue" time="0">
    </testcase>
    <system-out/>
    <system-err/>
  </testsuite>
  <testsuite id="1" name="E:\rx-samsara\__tests__\distributor$.js" errors="0" package="E:\rx-samsara\__tests__\distributor$.js" hostname="localhost" tests="3" failures="0" time="1.514" timestamp="2018-09-13T09:45:45">
    <properties>
    </properties>
    <testcase classname="测试distributor$.next(string)" name="测试distributor$.next(string)" time="0">
    </testcase>
    <testcase classname="测试distributor$.next(object)" name="测试distributor$.next(object)" time="0">
    </testcase>
    <testcase classname="测试distributor$.next(objectArray)" name="测试distributor$.next(objectArray)" time="0">
    </testcase>
    <system-out/>
    <system-err/>
  </testsuite>
  <testsuite id="2" name="E:\rx-samsara\__tests__\persistence.js" errors="0" package="E:\rx-samsara\__tests__\persistence.js" hostname="localhost" tests="3" failures="0" time="3.529" timestamp="2018-09-13T09:45:45">
    <properties>
    </properties>
    <testcase classname="测试 persistence 是否能正常获取异步数据" name="测试 persistence 是否能正常获取异步数据" time="0">
    </testcase>
    <testcase classname="测试 persistence 是否能将数据持久化" name="测试 persistence 是否能将数据持久化" time="0">
    </testcase>
    <testcase classname="测试 persistence 的默认值参数是否有效" name="测试 persistence 的默认值参数是否有效" time="0">
    </testcase>
    <system-out/>
    <system-err/>
  </testsuite>
</testsuites>